[0m11:52:58.415910 [debug] [MainThread]: Sending event: {'category': 'dbt', 'action': 'invocation', 'label': 'start', 'context': [<snowplow_tracker.self_describing_json.SelfDescribingJson object at 0x10769d010>, <snowplow_tracker.self_describing_json.SelfDescribingJson object at 0x10902bb10>, <snowplow_tracker.self_describing_json.SelfDescribingJson object at 0x10902bc50>]}


============================== 11:52:58.418941 | 3e554016-b780-476f-9f8c-7178044c8b41 ==============================
[0m11:52:58.418941 [info ] [MainThread]: Running with dbt=1.9.2
[0m11:52:58.419253 [debug] [MainThread]: running dbt with arguments {'printer_width': '80', 'indirect_selection': 'eager', 'log_cache_events': 'False', 'write_json': 'True', 'partial_parse': 'True', 'cache_selected_only': 'False', 'profiles_dir': '/Users/chandravamshidasyam/.dbt', 'fail_fast': 'False', 'warn_error': 'None', 'log_path': 'logs', 'debug': 'False', 'version_check': 'True', 'use_colors': 'True', 'use_experimental_parser': 'False', 'no_print': 'None', 'quiet': 'False', 'empty': 'None', 'log_format': 'default', 'introspect': 'True', 'static_parser': 'True', 'warn_error_options': 'WarnErrorOptions(include=[], exclude=[])', 'target_path': 'None', 'invocation_command': 'dbt init uber_dbt_project', 'send_anonymous_usage_stats': 'True'}
[0m11:52:58.427008 [debug] [MainThread]: Starter project path: /Users/chandravamshidasyam/Downloads/TC_ETL/uber_venv/lib/python3.13/site-packages/dbt/include/starter_project
[0m11:52:58.431537 [info ] [MainThread]: 
Your new dbt project "uber_dbt_project" was created!

For more information on how to configure the profiles.yml file,
please consult the dbt documentation here:

  https://docs.getdbt.com/docs/configure-your-profile

One more thing:

Need help? Don't hesitate to reach out to us via GitHub issues or on Slack:

  https://community.getdbt.com/

Happy modeling!

[0m11:52:58.431803 [info ] [MainThread]: Setting up your profile.
[0m11:55:53.391813 [info ] [MainThread]: Profile uber_dbt_project written to /Users/chandravamshidasyam/.dbt/profiles.yml using target's profile_template.yml and your supplied values. Run 'dbt debug' to validate the connection.
[0m11:55:53.407499 [debug] [MainThread]: Resource report: {"command_name": "init", "command_success": true, "command_wall_clock_time": 175.03621, "process_in_blocks": "0", "process_kernel_time": 0.145749, "process_mem_max_rss": "98500608", "process_out_blocks": "0", "process_user_time": 0.635353}
[0m11:55:53.408411 [debug] [MainThread]: Command `dbt init` succeeded at 11:55:53.408197 after 175.04 seconds
[0m11:55:53.409788 [debug] [MainThread]: Sending event: {'category': 'dbt', 'action': 'invocation', 'label': 'end', 'context': [<snowplow_tracker.self_describing_json.SelfDescribingJson object at 0x1092c4b00>, <snowplow_tracker.self_describing_json.SelfDescribingJson object at 0x108e3b770>, <snowplow_tracker.self_describing_json.SelfDescribingJson object at 0x1090c6470>]}
[0m11:55:53.410663 [debug] [MainThread]: Flushing usage events
[0m11:55:53.961217 [debug] [MainThread]: An error was encountered while trying to flush usage events
